2022/12/22 22:04:03 [warn] 1#1: conflicting server name "10.0.0.104" on 0.0.0.0:80, ignored
2022/12/22 22:04:03 [warn] 1#1: conflicting server name "localhost" on 0.0.0.0:80, ignored
2022/12/22 22:04:03 [warn] 1#1: conflicting server name "localhost" on [::]:80, ignored
2022/12/22 22:04:03 [notice] 1#1: using the "epoll" event method
2022/12/22 22:04:03 [notice] 1#1: nginx/1.22.1
2022/12/22 22:04:03 [notice] 1#1: built by gcc 11.2.1 20220219 (Alpine 11.2.1_git20220219) 
2022/12/22 22:04:03 [notice] 1#1: OS: Linux 5.4.0-135-generic
2022/12/22 22:04:03 [notice] 1#1: getrlimit(RLIMIT_NOFILE): 1048576:1048576
2022/12/22 22:04:03 [notice] 1#1: start worker processes
2022/12/22 22:04:03 [notice] 1#1: start worker process 30
2022/12/22 22:04:03 [notice] 1#1: start worker process 31
2022/12/22 22:06:15 [warn] 51#51: conflicting server name "10.0.0.104" on 0.0.0.0:80, ignored
2022/12/22 22:06:45 [notice] 57#57: signal process started
2022/12/22 22:06:45 [notice] 1#1: signal 1 (SIGHUP) received from 57, reconfiguring
2022/12/22 22:06:45 [notice] 1#1: reconfiguring
2022/12/22 22:06:45 [notice] 1#1: using the "epoll" event method
2022/12/22 22:06:45 [notice] 1#1: start worker processes
2022/12/22 22:06:45 [notice] 1#1: start worker process 58
2022/12/22 22:06:45 [notice] 1#1: start worker process 59
2022/12/22 22:06:46 [notice] 31#31: gracefully shutting down
2022/12/22 22:06:46 [notice] 30#30: gracefully shutting down
2022/12/22 22:06:46 [notice] 31#31: exiting
2022/12/22 22:06:46 [notice] 30#30: exiting
2022/12/22 22:06:46 [notice] 30#30: exit
2022/12/22 22:06:46 [notice] 31#31: exit
2022/12/22 22:06:46 [notice] 1#1: signal 17 (SIGCHLD) received from 30
2022/12/22 22:06:46 [notice] 1#1: worker process 30 exited with code 0
2022/12/22 22:06:46 [notice] 1#1: worker process 31 exited with code 0
2022/12/22 22:06:46 [notice] 1#1: signal 29 (SIGIO) received
2022/12/22 22:09:00 [notice] 1#1: signal 3 (SIGQUIT) received, shutting down
2022/12/22 22:09:00 [notice] 59#59: gracefully shutting down
2022/12/22 22:09:00 [notice] 59#59: exiting
2022/12/22 22:09:00 [notice] 58#58: gracefully shutting down
2022/12/22 22:09:00 [notice] 58#58: exiting
2022/12/22 22:09:00 [notice] 59#59: exit
2022/12/22 22:09:00 [notice] 58#58: exit
2022/12/22 22:09:00 [notice] 1#1: signal 17 (SIGCHLD) received from 58
2022/12/22 22:09:00 [notice] 1#1: worker process 58 exited with code 0
2022/12/22 22:09:00 [notice] 1#1: signal 17 (SIGCHLD) received from 59
2022/12/22 22:09:00 [notice] 1#1: worker process 59 exited with code 0
2022/12/22 22:09:00 [notice] 1#1: exit
2022/12/22 22:09:00 [notice] 1#1: using the "epoll" event method
2022/12/22 22:09:00 [notice] 1#1: nginx/1.22.1
2022/12/22 22:09:00 [notice] 1#1: built by gcc 11.2.1 20220219 (Alpine 11.2.1_git20220219) 
2022/12/22 22:09:00 [notice] 1#1: OS: Linux 5.4.0-135-generic
2022/12/22 22:09:00 [notice] 1#1: getrlimit(RLIMIT_NOFILE): 1048576:1048576
2022/12/22 22:09:00 [notice] 1#1: start worker processes
2022/12/22 22:09:00 [notice] 1#1: start worker process 20
2022/12/22 22:09:00 [notice] 1#1: start worker process 21
2022/12/22 22:09:30 [notice] 1#1: signal 3 (SIGQUIT) received, shutting down
2022/12/22 22:09:30 [notice] 21#21: gracefully shutting down
2022/12/22 22:09:30 [notice] 20#20: gracefully shutting down
2022/12/22 22:09:30 [notice] 21#21: exiting
2022/12/22 22:09:30 [notice] 20#20: exiting
2022/12/22 22:09:30 [notice] 21#21: exit
2022/12/22 22:09:30 [notice] 20#20: exit
2022/12/22 22:09:30 [notice] 1#1: signal 17 (SIGCHLD) received from 20
2022/12/22 22:09:30 [notice] 1#1: worker process 20 exited with code 0
2022/12/22 22:09:30 [notice] 1#1: signal 29 (SIGIO) received
2022/12/22 22:09:30 [notice] 1#1: signal 17 (SIGCHLD) received from 21
2022/12/22 22:09:30 [notice] 1#1: worker process 21 exited with code 0
2022/12/22 22:09:30 [notice] 1#1: exit
2022/12/22 22:09:32 [warn] 1#1: conflicting server name "localhost" on 0.0.0.0:80, ignored
2022/12/22 22:09:32 [warn] 1#1: conflicting server name "localhost" on [::]:80, ignored
2022/12/22 22:09:32 [notice] 1#1: using the "epoll" event method
2022/12/22 22:09:32 [notice] 1#1: nginx/1.22.1
2022/12/22 22:09:32 [notice] 1#1: built by gcc 11.2.1 20220219 (Alpine 11.2.1_git20220219) 
2022/12/22 22:09:32 [notice] 1#1: OS: Linux 5.4.0-135-generic
2022/12/22 22:09:32 [notice] 1#1: getrlimit(RLIMIT_NOFILE): 1048576:1048576
2022/12/22 22:09:32 [notice] 1#1: start worker processes
2022/12/22 22:09:32 [notice] 1#1: start worker process 30
2022/12/22 22:09:32 [notice] 1#1: start worker process 31
2022/12/22 22:11:50 [notice] 48#48: signal process started
2022/12/22 22:11:50 [notice] 1#1: signal 1 (SIGHUP) received from 48, reconfiguring
2022/12/22 22:11:50 [notice] 1#1: reconfiguring
2022/12/22 22:11:50 [notice] 1#1: using the "epoll" event method
2022/12/22 22:11:50 [notice] 1#1: start worker processes
2022/12/22 22:11:50 [notice] 1#1: start worker process 49
2022/12/22 22:11:50 [notice] 1#1: start worker process 50
2022/12/22 22:11:50 [notice] 30#30: gracefully shutting down
2022/12/22 22:11:50 [notice] 30#30: exiting
2022/12/22 22:11:50 [notice] 30#30: exit
2022/12/22 22:11:50 [notice] 31#31: gracefully shutting down
2022/12/22 22:11:50 [notice] 31#31: exiting
2022/12/22 22:11:50 [notice] 31#31: exit
2022/12/22 22:11:50 [notice] 1#1: signal 17 (SIGCHLD) received from 30
2022/12/22 22:11:50 [notice] 1#1: worker process 30 exited with code 0
2022/12/22 22:11:50 [notice] 1#1: signal 29 (SIGIO) received
2022/12/22 22:11:50 [notice] 1#1: signal 17 (SIGCHLD) received from 31
2022/12/22 22:11:50 [notice] 1#1: worker process 31 exited with code 0
2022/12/22 22:11:50 [notice] 1#1: signal 29 (SIGIO) received
2022/12/22 22:12:21 [notice] 52#52: signal process started
2022/12/22 22:12:21 [notice] 1#1: signal 1 (SIGHUP) received from 52, reconfiguring
2022/12/22 22:12:21 [notice] 1#1: reconfiguring
2022/12/22 22:12:21 [notice] 1#1: using the "epoll" event method
2022/12/22 22:12:21 [notice] 1#1: start worker processes
2022/12/22 22:12:21 [notice] 1#1: start worker process 53
2022/12/22 22:12:21 [notice] 1#1: start worker process 54
2022/12/22 22:12:21 [notice] 49#49: gracefully shutting down
2022/12/22 22:12:21 [notice] 50#50: gracefully shutting down
2022/12/22 22:12:21 [notice] 49#49: exiting
2022/12/22 22:12:21 [notice] 50#50: exiting
2022/12/22 22:12:21 [notice] 50#50: exit
2022/12/22 22:12:21 [notice] 49#49: exit
2022/12/22 22:12:21 [notice] 1#1: signal 17 (SIGCHLD) received from 49
2022/12/22 22:12:21 [notice] 1#1: worker process 49 exited with code 0
2022/12/22 22:12:21 [notice] 1#1: worker process 50 exited with code 0
2022/12/22 22:12:21 [notice] 1#1: signal 29 (SIGIO) received
2022/12/22 22:12:21 [notice] 1#1: signal 17 (SIGCHLD) received from 50
2022/12/22 22:14:10 [notice] 57#57: signal process started
2022/12/22 22:14:10 [notice] 1#1: signal 1 (SIGHUP) received from 57, reconfiguring
2022/12/22 22:14:10 [notice] 1#1: reconfiguring
2022/12/22 22:14:10 [notice] 1#1: using the "epoll" event method
2022/12/22 22:14:10 [notice] 1#1: start worker processes
2022/12/22 22:14:10 [notice] 1#1: start worker process 58
2022/12/22 22:14:10 [notice] 1#1: start worker process 59
2022/12/22 22:14:10 [notice] 54#54: gracefully shutting down
2022/12/22 22:14:10 [notice] 53#53: gracefully shutting down
2022/12/22 22:14:10 [notice] 54#54: exiting
2022/12/22 22:14:10 [notice] 53#53: exiting
2022/12/22 22:14:10 [notice] 54#54: exit
2022/12/22 22:14:10 [notice] 53#53: exit
2022/12/22 22:14:10 [notice] 1#1: signal 17 (SIGCHLD) received from 54
2022/12/22 22:14:10 [notice] 1#1: worker process 54 exited with code 0
2022/12/22 22:14:10 [notice] 1#1: signal 29 (SIGIO) received
2022/12/22 22:14:10 [notice] 1#1: signal 17 (SIGCHLD) received from 53
2022/12/22 22:14:10 [notice] 1#1: worker process 53 exited with code 0
2022/12/22 22:14:10 [notice] 1#1: signal 29 (SIGIO) received
2022/12/22 22:16:20 [emerg] 62#62: host not found in upstream "event-service" in /etc/nginx/conf.d/spblib.conf:56
2022/12/22 22:19:17 [notice] 1#1: signal 3 (SIGQUIT) received, shutting down
2022/12/22 22:19:17 [notice] 58#58: gracefully shutting down
2022/12/22 22:19:17 [notice] 58#58: exiting
2022/12/22 22:19:17 [notice] 58#58: exit
2022/12/22 22:19:17 [notice] 59#59: gracefully shutting down
2022/12/22 22:19:17 [notice] 59#59: exiting
2022/12/22 22:19:17 [notice] 59#59: exit
2022/12/22 22:19:17 [notice] 1#1: signal 17 (SIGCHLD) received from 58
2022/12/22 22:19:17 [notice] 1#1: worker process 58 exited with code 0
2022/12/22 22:19:17 [notice] 1#1: signal 29 (SIGIO) received
2022/12/22 22:19:17 [notice] 1#1: signal 17 (SIGCHLD) received from 59
2022/12/22 22:19:17 [notice] 1#1: worker process 59 exited with code 0
2022/12/22 22:19:17 [notice] 1#1: exit
2022/12/23 11:35:13 [emerg] 1#1: host not found in upstream "event-service" in /etc/nginx/conf.d/spblib.conf:56
2022/12/23 11:35:58 [warn] 1#1: conflicting server name "localhost" on 0.0.0.0:80, ignored
2022/12/23 11:35:58 [warn] 1#1: conflicting server name "localhost" on [::]:80, ignored
2022/12/23 11:35:58 [notice] 1#1: using the "epoll" event method
2022/12/23 11:35:58 [notice] 1#1: nginx/1.22.1
2022/12/23 11:35:58 [notice] 1#1: built by gcc 11.2.1 20220219 (Alpine 11.2.1_git20220219) 
2022/12/23 11:35:58 [notice] 1#1: OS: Linux 5.4.0-135-generic
2022/12/23 11:35:58 [notice] 1#1: getrlimit(RLIMIT_NOFILE): 1048576:1048576
2022/12/23 11:35:58 [notice] 1#1: start worker processes
2022/12/23 11:35:58 [notice] 1#1: start worker process 21
2022/12/23 11:35:58 [notice] 1#1: start worker process 22
2022/12/23 11:36:18 [notice] 1#1: signal 3 (SIGQUIT) received, shutting down
2022/12/23 11:36:18 [notice] 22#22: gracefully shutting down
2022/12/23 11:36:18 [notice] 21#21: gracefully shutting down
2022/12/23 11:36:18 [notice] 21#21: exiting
2022/12/23 11:36:18 [notice] 21#21: exit
2022/12/23 11:36:18 [notice] 1#1: signal 17 (SIGCHLD) received from 21
2022/12/23 11:36:18 [notice] 1#1: worker process 21 exited with code 0
2022/12/23 11:36:18 [notice] 1#1: signal 29 (SIGIO) received
2022/12/23 11:37:17 [warn] 1#1: conflicting server name "localhost" on 0.0.0.0:80, ignored
2022/12/23 11:37:17 [warn] 1#1: conflicting server name "localhost" on [::]:80, ignored
2022/12/23 11:37:17 [notice] 1#1: using the "epoll" event method
2022/12/23 11:37:17 [notice] 1#1: nginx/1.22.1
2022/12/23 11:37:17 [notice] 1#1: built by gcc 11.2.1 20220219 (Alpine 11.2.1_git20220219) 
2022/12/23 11:37:17 [notice] 1#1: OS: Linux 5.4.0-135-generic
2022/12/23 11:37:17 [notice] 1#1: getrlimit(RLIMIT_NOFILE): 1048576:1048576
2022/12/23 11:37:17 [notice] 1#1: start worker processes
2022/12/23 11:37:17 [notice] 1#1: start worker process 23
2022/12/23 11:37:17 [notice] 1#1: start worker process 24
2022/12/23 11:39:02 [warn] 39#39: conflicting server name "localhost" on 0.0.0.0:80, ignored
2022/12/23 11:39:02 [warn] 39#39: conflicting server name "localhost" on [::]:80, ignored
2022/12/23 11:39:08 [warn] 40#40: conflicting server name "localhost" on 0.0.0.0:80, ignored
2022/12/23 11:39:08 [warn] 40#40: conflicting server name "localhost" on [::]:80, ignored
2022/12/23 11:39:08 [notice] 40#40: signal process started
2022/12/23 11:39:08 [notice] 1#1: signal 1 (SIGHUP) received from 40, reconfiguring
2022/12/23 11:39:08 [notice] 1#1: reconfiguring
2022/12/23 11:39:08 [warn] 1#1: conflicting server name "localhost" on 0.0.0.0:80, ignored
2022/12/23 11:39:08 [warn] 1#1: conflicting server name "localhost" on [::]:80, ignored
2022/12/23 11:39:08 [notice] 1#1: using the "epoll" event method
2022/12/23 11:39:08 [notice] 1#1: start worker processes
2022/12/23 11:39:08 [notice] 1#1: start worker process 41
2022/12/23 11:39:08 [notice] 1#1: start worker process 42
2022/12/23 11:39:08 [notice] 23#23: gracefully shutting down
2022/12/23 11:39:08 [notice] 23#23: exiting
2022/12/23 11:39:08 [notice] 23#23: exit
2022/12/23 11:39:08 [notice] 24#24: gracefully shutting down
2022/12/23 11:39:08 [notice] 24#24: exiting
2022/12/23 11:39:08 [notice] 24#24: exit
2022/12/23 11:39:08 [notice] 1#1: signal 17 (SIGCHLD) received from 24
2022/12/23 11:39:08 [notice] 1#1: worker process 24 exited with code 0
2022/12/23 11:39:08 [notice] 1#1: signal 29 (SIGIO) received
2022/12/23 11:39:08 [notice] 1#1: signal 17 (SIGCHLD) received from 23
2022/12/23 11:39:08 [notice] 1#1: worker process 23 exited with code 0
2022/12/23 11:39:08 [notice] 1#1: signal 29 (SIGIO) received
2022/12/23 11:40:54 [warn] 46#46: conflicting server name "localhost" on 0.0.0.0:80, ignored
2022/12/23 11:40:54 [warn] 46#46: conflicting server name "localhost" on [::]:80, ignored
2022/12/23 11:40:54 [notice] 46#46: signal process started
2022/12/23 11:40:54 [notice] 1#1: signal 1 (SIGHUP) received from 46, reconfiguring
2022/12/23 11:40:54 [notice] 1#1: reconfiguring
2022/12/23 11:40:54 [warn] 1#1: conflicting server name "localhost" on 0.0.0.0:80, ignored
2022/12/23 11:40:54 [warn] 1#1: conflicting server name "localhost" on [::]:80, ignored
2022/12/23 11:40:54 [notice] 1#1: using the "epoll" event method
2022/12/23 11:40:54 [notice] 1#1: start worker processes
2022/12/23 11:40:54 [notice] 1#1: start worker process 47
2022/12/23 11:40:54 [notice] 1#1: start worker process 48
2022/12/23 11:40:54 [notice] 41#41: gracefully shutting down
2022/12/23 11:40:54 [notice] 41#41: exiting
2022/12/23 11:40:54 [notice] 41#41: exit
2022/12/23 11:40:54 [notice] 42#42: gracefully shutting down
2022/12/23 11:40:54 [notice] 42#42: exiting
2022/12/23 11:40:54 [notice] 42#42: exit
2022/12/23 11:40:54 [notice] 1#1: signal 17 (SIGCHLD) received from 41
2022/12/23 11:40:54 [notice] 1#1: worker process 41 exited with code 0
2022/12/23 11:40:54 [notice] 1#1: signal 29 (SIGIO) received
2022/12/23 11:40:54 [notice] 1#1: signal 17 (SIGCHLD) received from 42
2022/12/23 11:40:54 [notice] 1#1: worker process 42 exited with code 0
2022/12/23 11:40:54 [notice] 1#1: signal 29 (SIGIO) received
2022/12/23 11:41:49 [warn] 50#50: conflicting server name "localhost" on 0.0.0.0:80, ignored
2022/12/23 11:41:49 [warn] 50#50: conflicting server name "localhost" on [::]:80, ignored
2022/12/23 11:41:49 [notice] 50#50: signal process started
2022/12/23 11:41:49 [notice] 1#1: signal 1 (SIGHUP) received from 50, reconfiguring
2022/12/23 11:41:49 [notice] 1#1: reconfiguring
2022/12/23 11:41:49 [warn] 1#1: conflicting server name "localhost" on 0.0.0.0:80, ignored
2022/12/23 11:41:49 [warn] 1#1: conflicting server name "localhost" on [::]:80, ignored
2022/12/23 11:41:49 [notice] 1#1: using the "epoll" event method
2022/12/23 11:41:49 [notice] 1#1: start worker processes
2022/12/23 11:41:49 [notice] 1#1: start worker process 51
2022/12/23 11:41:49 [notice] 1#1: start worker process 52
2022/12/23 11:41:50 [notice] 47#47: gracefully shutting down
2022/12/23 11:41:50 [notice] 48#48: gracefully shutting down
2022/12/23 11:41:50 [notice] 47#47: exiting
2022/12/23 11:41:50 [notice] 48#48: exiting
2022/12/23 11:41:50 [notice] 47#47: exit
2022/12/23 11:41:50 [notice] 48#48: exit
2022/12/23 11:41:50 [notice] 1#1: signal 17 (SIGCHLD) received from 47
2022/12/23 11:41:50 [notice] 1#1: worker process 47 exited with code 0
2022/12/23 11:41:50 [notice] 1#1: worker process 48 exited with code 0
2022/12/23 11:41:50 [notice] 1#1: signal 29 (SIGIO) received
2022/12/23 11:42:43 [warn] 54#54: conflicting server name "localhost" on 0.0.0.0:80, ignored
2022/12/23 11:42:43 [warn] 54#54: conflicting server name "localhost" on [::]:80, ignored
2022/12/23 11:42:43 [notice] 54#54: signal process started
2022/12/23 11:42:43 [notice] 1#1: signal 1 (SIGHUP) received from 54, reconfiguring
2022/12/23 11:42:43 [notice] 1#1: reconfiguring
2022/12/23 11:42:43 [warn] 1#1: conflicting server name "localhost" on 0.0.0.0:80, ignored
2022/12/23 11:42:43 [warn] 1#1: conflicting server name "localhost" on [::]:80, ignored
2022/12/23 11:42:43 [notice] 1#1: using the "epoll" event method
2022/12/23 11:42:43 [notice] 1#1: start worker processes
2022/12/23 11:42:43 [notice] 1#1: start worker process 55
2022/12/23 11:42:43 [notice] 1#1: start worker process 56
2022/12/23 11:42:43 [notice] 52#52: gracefully shutting down
2022/12/23 11:42:43 [notice] 51#51: gracefully shutting down
2022/12/23 11:42:43 [notice] 52#52: exiting
2022/12/23 11:42:43 [notice] 51#51: exiting
2022/12/23 11:42:43 [notice] 52#52: exit
2022/12/23 11:42:43 [notice] 51#51: exit
2022/12/23 11:42:43 [notice] 1#1: signal 17 (SIGCHLD) received from 51
2022/12/23 11:42:43 [notice] 1#1: worker process 51 exited with code 0
2022/12/23 11:42:43 [notice] 1#1: signal 29 (SIGIO) received
2022/12/23 11:42:43 [notice] 1#1: signal 17 (SIGCHLD) received from 52
2022/12/23 11:42:43 [notice] 1#1: worker process 52 exited with code 0
2022/12/23 11:42:43 [notice] 1#1: signal 29 (SIGIO) received
2022/12/23 11:44:03 [warn] 58#58: conflicting server name "localhost" on 0.0.0.0:80, ignored
2022/12/23 11:44:03 [warn] 58#58: conflicting server name "localhost" on [::]:80, ignored
2022/12/23 11:44:03 [notice] 58#58: signal process started
2022/12/23 11:44:03 [notice] 1#1: signal 1 (SIGHUP) received from 58, reconfiguring
2022/12/23 11:44:03 [notice] 1#1: reconfiguring
2022/12/23 11:44:03 [warn] 1#1: conflicting server name "localhost" on 0.0.0.0:80, ignored
2022/12/23 11:44:03 [warn] 1#1: conflicting server name "localhost" on [::]:80, ignored
2022/12/23 11:44:03 [notice] 1#1: using the "epoll" event method
2022/12/23 11:44:03 [notice] 1#1: start worker processes
2022/12/23 11:44:03 [notice] 1#1: start worker process 59
2022/12/23 11:44:03 [notice] 1#1: start worker process 60
2022/12/23 11:44:03 [notice] 56#56: gracefully shutting down
2022/12/23 11:44:03 [notice] 55#55: gracefully shutting down
2022/12/23 11:44:03 [notice] 56#56: exiting
2022/12/23 11:44:03 [notice] 55#55: exiting
2022/12/23 11:44:03 [notice] 56#56: exit
2022/12/23 11:44:03 [notice] 55#55: exit
2022/12/23 11:44:03 [notice] 1#1: signal 17 (SIGCHLD) received from 56
2022/12/23 11:44:03 [notice] 1#1: worker process 55 exited with code 0
2022/12/23 11:44:03 [notice] 1#1: worker process 56 exited with code 0
2022/12/23 11:44:03 [notice] 1#1: signal 29 (SIGIO) received
2022/12/23 11:44:03 [notice] 1#1: signal 17 (SIGCHLD) received from 55
2022/12/23 11:44:19 [warn] 62#62: conflicting server name "localhost" on 0.0.0.0:80, ignored
2022/12/23 11:44:19 [warn] 62#62: conflicting server name "localhost" on [::]:80, ignored
2022/12/23 11:44:19 [notice] 62#62: signal process started
2022/12/23 11:44:19 [notice] 1#1: signal 1 (SIGHUP) received from 62, reconfiguring
2022/12/23 11:44:19 [notice] 1#1: reconfiguring
2022/12/23 11:44:19 [warn] 1#1: conflicting server name "localhost" on 0.0.0.0:80, ignored
2022/12/23 11:44:19 [warn] 1#1: conflicting server name "localhost" on [::]:80, ignored
2022/12/23 11:44:19 [notice] 1#1: using the "epoll" event method
2022/12/23 11:44:19 [notice] 1#1: start worker processes
2022/12/23 11:44:19 [notice] 1#1: start worker process 63
2022/12/23 11:44:19 [notice] 1#1: start worker process 64
2022/12/23 11:44:19 [notice] 59#59: gracefully shutting down
2022/12/23 11:44:19 [notice] 60#60: gracefully shutting down
2022/12/23 11:44:19 [notice] 59#59: exiting
2022/12/23 11:44:19 [notice] 60#60: exiting
2022/12/23 11:44:19 [notice] 59#59: exit
2022/12/23 11:44:19 [notice] 60#60: exit
2022/12/23 11:44:19 [notice] 1#1: signal 17 (SIGCHLD) received from 59
2022/12/23 11:44:19 [notice] 1#1: worker process 59 exited with code 0
2022/12/23 11:44:19 [notice] 1#1: worker process 60 exited with code 0
2022/12/23 11:44:19 [notice] 1#1: signal 29 (SIGIO) received
2022/12/23 11:44:19 [notice] 1#1: signal 17 (SIGCHLD) received from 60
2022/12/23 11:58:52 [notice] 1#1: signal 3 (SIGQUIT) received, shutting down
2022/12/23 11:58:52 [notice] 64#64: gracefully shutting down
2022/12/23 11:58:52 [notice] 63#63: gracefully shutting down
2022/12/23 11:58:52 [notice] 64#64: exiting
2022/12/23 11:58:52 [notice] 64#64: exit
2022/12/23 11:58:52 [notice] 1#1: signal 17 (SIGCHLD) received from 64
2022/12/23 11:58:52 [notice] 1#1: worker process 64 exited with code 0
2022/12/23 11:58:52 [notice] 1#1: signal 29 (SIGIO) received
2022/12/23 12:04:51 [notice] 1#1: using the "epoll" event method
2022/12/23 12:04:51 [notice] 1#1: nginx/1.22.1
2022/12/23 12:04:51 [notice] 1#1: built by gcc 11.2.1 20220219 (Alpine 11.2.1_git20220219) 
2022/12/23 12:04:51 [notice] 1#1: OS: Linux 5.4.0-135-generic
2022/12/23 12:04:51 [notice] 1#1: getrlimit(RLIMIT_NOFILE): 1048576:1048576
2022/12/23 12:04:51 [notice] 1#1: start worker processes
2022/12/23 12:04:51 [notice] 1#1: start worker process 31
2022/12/23 12:04:51 [notice] 1#1: start worker process 32
2022/12/23 12:13:07 [notice] 1#1: signal 3 (SIGQUIT) received, shutting down
2022/12/23 12:13:07 [notice] 31#31: gracefully shutting down
2022/12/23 12:13:07 [notice] 32#32: gracefully shutting down
2022/12/23 12:13:07 [notice] 31#31: exiting
2022/12/23 12:13:07 [notice] 32#32: exiting
2022/12/23 12:13:07 [notice] 31#31: exit
2022/12/23 12:13:07 [notice] 32#32: exit
2022/12/23 12:13:07 [notice] 1#1: signal 17 (SIGCHLD) received from 31
2022/12/23 12:13:07 [notice] 1#1: worker process 31 exited with code 0
2022/12/23 12:13:07 [notice] 1#1: worker process 32 exited with code 0
2022/12/23 12:13:07 [notice] 1#1: exit
2022/12/23 12:13:08 [notice] 1#1: using the "epoll" event method
2022/12/23 12:13:08 [notice] 1#1: nginx/1.22.1
2022/12/23 12:13:08 [notice] 1#1: built by gcc 11.2.1 20220219 (Alpine 11.2.1_git20220219) 
2022/12/23 12:13:08 [notice] 1#1: OS: Linux 5.4.0-135-generic
2022/12/23 12:13:08 [notice] 1#1: getrlimit(RLIMIT_NOFILE): 1048576:1048576
2022/12/23 12:13:08 [notice] 1#1: start worker processes
2022/12/23 12:13:08 [notice] 1#1: start worker process 23
2022/12/23 12:13:08 [notice] 1#1: start worker process 24
2022/12/23 12:37:26 [notice] 1#1: signal 3 (SIGQUIT) received, shutting down
2022/12/23 12:37:26 [notice] 24#24: gracefully shutting down
2022/12/23 12:37:26 [notice] 23#23: gracefully shutting down
2022/12/23 12:37:26 [notice] 24#24: exiting
2022/12/23 12:37:26 [notice] 23#23: exiting
2022/12/23 12:37:26 [notice] 24#24: exit
2022/12/23 12:37:26 [notice] 23#23: exit
2022/12/23 12:37:26 [notice] 1#1: signal 17 (SIGCHLD) received from 23
2022/12/23 12:37:26 [notice] 1#1: worker process 23 exited with code 0
2022/12/23 12:37:26 [notice] 1#1: worker process 24 exited with code 0
2022/12/23 12:37:26 [notice] 1#1: exit
2022/12/23 12:37:27 [notice] 1#1: using the "epoll" event method
2022/12/23 12:37:27 [notice] 1#1: nginx/1.22.1
2022/12/23 12:37:27 [notice] 1#1: built by gcc 11.2.1 20220219 (Alpine 11.2.1_git20220219) 
2022/12/23 12:37:27 [notice] 1#1: OS: Linux 5.4.0-135-generic
2022/12/23 12:37:27 [notice] 1#1: getrlimit(RLIMIT_NOFILE): 1048576:1048576
2022/12/23 12:37:27 [notice] 1#1: start worker processes
2022/12/23 12:37:27 [notice] 1#1: start worker process 22
2022/12/23 12:37:27 [notice] 1#1: start worker process 23
2022/12/23 12:53:06 [notice] 1#1: signal 3 (SIGQUIT) received, shutting down
2022/12/23 12:53:06 [notice] 22#22: gracefully shutting down
2022/12/23 12:53:06 [notice] 23#23: gracefully shutting down
2022/12/23 12:53:06 [notice] 22#22: exiting
2022/12/23 12:53:06 [notice] 23#23: exiting
2022/12/23 12:53:06 [notice] 22#22: exit
2022/12/23 12:53:06 [notice] 23#23: exit
2022/12/23 12:53:06 [notice] 1#1: signal 17 (SIGCHLD) received from 23
2022/12/23 12:53:06 [notice] 1#1: worker process 23 exited with code 0
2022/12/23 12:53:06 [notice] 1#1: signal 29 (SIGIO) received
2022/12/23 12:53:06 [notice] 1#1: signal 17 (SIGCHLD) received from 22
2022/12/23 12:53:06 [notice] 1#1: worker process 22 exited with code 0
2022/12/23 12:53:06 [notice] 1#1: exit
2022/12/23 12:53:07 [notice] 1#1: using the "epoll" event method
2022/12/23 12:53:07 [notice] 1#1: nginx/1.22.1
2022/12/23 12:53:07 [notice] 1#1: built by gcc 11.2.1 20220219 (Alpine 11.2.1_git20220219) 
2022/12/23 12:53:07 [notice] 1#1: OS: Linux 5.4.0-135-generic
2022/12/23 12:53:07 [notice] 1#1: getrlimit(RLIMIT_NOFILE): 1048576:1048576
2022/12/23 12:53:07 [notice] 1#1: start worker processes
2022/12/23 12:53:07 [notice] 1#1: start worker process 24
2022/12/23 12:53:07 [notice] 1#1: start worker process 25
2022/12/23 12:56:10 [error] 24#24: *36 open() "/usr/share/nginx/html/nginx_status" failed (2: No such file or directory), client: 127.0.0.1, server: localhost, request: "GET /nginx_status HTTP/1.1", host: "127.0.0.1"
2022/12/23 12:56:26 [notice] 39#39: signal process started
2022/12/23 12:56:26 [notice] 1#1: signal 1 (SIGHUP) received from 39, reconfiguring
2022/12/23 12:56:26 [notice] 1#1: reconfiguring
2022/12/23 12:56:26 [notice] 1#1: using the "epoll" event method
2022/12/23 12:56:26 [notice] 1#1: start worker processes
2022/12/23 12:56:26 [notice] 1#1: start worker process 40
2022/12/23 12:56:26 [notice] 1#1: start worker process 41
2022/12/23 12:56:26 [notice] 24#24: gracefully shutting down
2022/12/23 12:56:26 [notice] 24#24: exiting
2022/12/23 12:56:26 [notice] 24#24: exit
2022/12/23 12:56:26 [notice] 25#25: gracefully shutting down
2022/12/23 12:56:26 [notice] 25#25: exiting
2022/12/23 12:56:26 [notice] 25#25: exit
2022/12/23 12:56:26 [notice] 1#1: signal 17 (SIGCHLD) received from 25
2022/12/23 12:56:26 [notice] 1#1: worker process 25 exited with code 0
2022/12/23 12:56:26 [notice] 1#1: signal 29 (SIGIO) received
2022/12/23 12:56:26 [notice] 1#1: signal 17 (SIGCHLD) received from 24
2022/12/23 12:56:26 [notice] 1#1: worker process 24 exited with code 0
2022/12/23 12:56:26 [notice] 1#1: signal 29 (SIGIO) received
2022/12/23 13:03:57 [notice] 58#58: signal process started
2022/12/23 13:03:57 [notice] 1#1: signal 1 (SIGHUP) received from 58, reconfiguring
2022/12/23 13:03:57 [notice] 1#1: reconfiguring
2022/12/23 13:03:57 [notice] 1#1: using the "epoll" event method
2022/12/23 13:03:57 [notice] 1#1: start worker processes
2022/12/23 13:03:57 [notice] 1#1: start worker process 59
2022/12/23 13:03:57 [notice] 1#1: start worker process 60
2022/12/23 13:03:57 [notice] 41#41: gracefully shutting down
2022/12/23 13:03:57 [notice] 40#40: gracefully shutting down
2022/12/23 13:03:57 [notice] 41#41: exiting
2022/12/23 13:03:57 [notice] 40#40: exiting
2022/12/23 13:03:57 [notice] 40#40: exit
2022/12/23 13:03:57 [notice] 41#41: exit
2022/12/23 13:03:57 [notice] 1#1: signal 17 (SIGCHLD) received from 41
2022/12/23 13:03:57 [notice] 1#1: worker process 41 exited with code 0
2022/12/23 13:03:57 [notice] 1#1: worker process 40 exited with code 0
2022/12/23 13:03:57 [notice] 1#1: signal 29 (SIGIO) received
2022/12/23 13:03:57 [notice] 1#1: signal 17 (SIGCHLD) received from 40
2022/12/23 13:05:46 [notice] 66#66: signal process started
2022/12/23 13:05:46 [notice] 1#1: signal 1 (SIGHUP) received from 66, reconfiguring
2022/12/23 13:05:46 [notice] 1#1: reconfiguring
2022/12/23 13:05:46 [notice] 1#1: using the "epoll" event method
2022/12/23 13:05:46 [notice] 1#1: start worker processes
2022/12/23 13:05:46 [notice] 1#1: start worker process 67
2022/12/23 13:05:46 [notice] 1#1: start worker process 68
2022/12/23 13:05:47 [notice] 60#60: gracefully shutting down
2022/12/23 13:05:47 [notice] 59#59: gracefully shutting down
2022/12/23 13:05:47 [notice] 60#60: exiting
2022/12/23 13:05:47 [notice] 60#60: exit
2022/12/23 13:05:47 [notice] 1#1: signal 17 (SIGCHLD) received from 60
2022/12/23 13:05:47 [notice] 1#1: worker process 60 exited with code 0
2022/12/23 13:05:47 [notice] 1#1: signal 29 (SIGIO) received
2022/12/23 13:06:20 [notice] 59#59: exiting
2022/12/23 13:06:20 [notice] 59#59: exit
2022/12/23 13:06:20 [notice] 1#1: signal 17 (SIGCHLD) received from 59
2022/12/23 13:06:20 [notice] 1#1: worker process 59 exited with code 0
2022/12/23 13:06:20 [notice] 1#1: signal 29 (SIGIO) received
2022/12/23 13:06:42 [notice] 72#72: signal process started
2022/12/23 13:06:42 [notice] 1#1: signal 1 (SIGHUP) received from 72, reconfiguring
2022/12/23 13:06:42 [notice] 1#1: reconfiguring
2022/12/23 13:06:42 [notice] 1#1: using the "epoll" event method
2022/12/23 13:06:42 [notice] 1#1: start worker processes
2022/12/23 13:06:42 [notice] 1#1: start worker process 73
2022/12/23 13:06:42 [notice] 1#1: start worker process 74
2022/12/23 13:06:42 [notice] 67#67: gracefully shutting down
2022/12/23 13:06:42 [notice] 68#68: gracefully shutting down
2022/12/23 13:06:42 [notice] 67#67: exiting
2022/12/23 13:06:42 [notice] 68#68: exiting
2022/12/23 13:06:42 [notice] 67#67: exit
2022/12/23 13:06:42 [notice] 68#68: exit
2022/12/23 13:06:43 [notice] 1#1: signal 17 (SIGCHLD) received from 68
2022/12/23 13:06:43 [notice] 1#1: worker process 67 exited with code 0
2022/12/23 13:06:43 [notice] 1#1: worker process 68 exited with code 0
2022/12/23 13:06:43 [notice] 1#1: signal 29 (SIGIO) received
2022/12/23 13:06:43 [notice] 1#1: signal 17 (SIGCHLD) received from 67
2022/12/23 13:08:00 [notice] 80#80: signal process started
2022/12/23 13:08:00 [notice] 1#1: signal 1 (SIGHUP) received from 80, reconfiguring
2022/12/23 13:08:00 [notice] 1#1: reconfiguring
2022/12/23 13:08:00 [notice] 1#1: using the "epoll" event method
2022/12/23 13:08:00 [notice] 1#1: start worker processes
2022/12/23 13:08:00 [notice] 1#1: start worker process 81
2022/12/23 13:08:00 [notice] 1#1: start worker process 82
2022/12/23 13:08:01 [notice] 74#74: gracefully shutting down
2022/12/23 13:08:01 [notice] 73#73: gracefully shutting down
2022/12/23 13:08:01 [notice] 74#74: exiting
2022/12/23 13:08:01 [notice] 73#73: exiting
2022/12/23 13:08:01 [notice] 74#74: exit
2022/12/23 13:08:01 [notice] 73#73: exit
2022/12/23 13:08:01 [notice] 1#1: signal 17 (SIGCHLD) received from 73
2022/12/23 13:08:01 [notice] 1#1: worker process 73 exited with code 0
2022/12/23 13:08:01 [notice] 1#1: signal 29 (SIGIO) received
2022/12/23 13:08:01 [notice] 1#1: signal 17 (SIGCHLD) received from 74
2022/12/23 13:08:01 [notice] 1#1: worker process 74 exited with code 0
2022/12/23 13:08:01 [notice] 1#1: signal 29 (SIGIO) received
2022/12/23 13:29:22 [notice] 1#1: signal 3 (SIGQUIT) received, shutting down
2022/12/23 13:29:22 [notice] 81#81: gracefully shutting down
2022/12/23 13:29:22 [notice] 82#82: gracefully shutting down
2022/12/23 13:29:22 [notice] 82#82: exiting
2022/12/23 13:29:22 [notice] 81#81: exiting
2022/12/23 13:29:22 [notice] 81#81: exit
2022/12/23 13:29:22 [notice] 82#82: exit
2022/12/23 13:29:22 [notice] 1#1: signal 17 (SIGCHLD) received from 81
2022/12/23 13:29:22 [notice] 1#1: worker process 81 exited with code 0
2022/12/23 13:29:22 [notice] 1#1: signal 29 (SIGIO) received
2022/12/23 13:29:22 [notice] 1#1: signal 17 (SIGCHLD) received from 82
2022/12/23 13:29:22 [notice] 1#1: worker process 82 exited with code 0
2022/12/23 13:29:22 [notice] 1#1: exit
2022/12/23 13:31:57 [notice] 1#1: using the "epoll" event method
2022/12/23 13:31:57 [notice] 1#1: nginx/1.22.1
2022/12/23 13:31:57 [notice] 1#1: built by gcc 11.2.1 20220219 (Alpine 11.2.1_git20220219) 
2022/12/23 13:31:57 [notice] 1#1: OS: Linux 5.4.0-135-generic
2022/12/23 13:31:57 [notice] 1#1: getrlimit(RLIMIT_NOFILE): 1048576:1048576
2022/12/23 13:31:57 [notice] 1#1: start worker processes
2022/12/23 13:31:57 [notice] 1#1: start worker process 22
2022/12/23 13:31:57 [notice] 1#1: start worker process 23
2022/12/23 14:04:40 [notice] 1#1: signal 3 (SIGQUIT) received, shutting down
2022/12/23 14:04:40 [notice] 23#23: gracefully shutting down
2022/12/23 14:04:40 [notice] 23#23: exiting
2022/12/23 14:04:40 [notice] 22#22: gracefully shutting down
2022/12/23 14:04:40 [notice] 22#22: exiting
2022/12/23 14:04:40 [notice] 22#22: exit
2022/12/23 14:04:40 [notice] 23#23: exit
2022/12/23 14:04:40 [notice] 1#1: signal 17 (SIGCHLD) received from 23
2022/12/23 14:04:40 [notice] 1#1: worker process 23 exited with code 0
2022/12/23 14:04:40 [notice] 1#1: signal 29 (SIGIO) received
2022/12/23 14:04:40 [notice] 1#1: signal 17 (SIGCHLD) received from 22
2022/12/23 14:04:40 [notice] 1#1: worker process 22 exited with code 0
2022/12/23 14:04:40 [notice] 1#1: exit
2022/12/23 14:05:07 [notice] 1#1: using the "epoll" event method
2022/12/23 14:05:07 [notice] 1#1: nginx/1.22.1
2022/12/23 14:05:07 [notice] 1#1: built by gcc 11.2.1 20220219 (Alpine 11.2.1_git20220219) 
2022/12/23 14:05:07 [notice] 1#1: OS: Linux 5.4.0-135-generic
2022/12/23 14:05:07 [notice] 1#1: getrlimit(RLIMIT_NOFILE): 1048576:1048576
2022/12/23 14:05:07 [notice] 1#1: start worker processes
2022/12/23 14:05:07 [notice] 1#1: start worker process 21
2022/12/23 14:05:07 [notice] 1#1: start worker process 22
2022/12/24 16:54:50 [notice] 1#1: using the "epoll" event method
2022/12/24 16:54:50 [notice] 1#1: nginx/1.22.1
2022/12/24 16:54:50 [notice] 1#1: built by gcc 11.2.1 20220219 (Alpine 11.2.1_git20220219) 
2022/12/24 16:54:50 [notice] 1#1: OS: Linux 5.4.0-135-generic
2022/12/24 16:54:50 [notice] 1#1: getrlimit(RLIMIT_NOFILE): 1048576:1048576
2022/12/24 16:54:50 [notice] 1#1: start worker processes
2022/12/24 16:54:50 [notice] 1#1: start worker process 20
2022/12/24 16:54:50 [notice] 1#1: start worker process 21
2022/12/25 20:30:22 [notice] 1#1: signal 3 (SIGQUIT) received, shutting down
2022/12/25 20:30:22 [notice] 21#21: gracefully shutting down
2022/12/25 20:30:22 [notice] 21#21: exiting
2022/12/25 20:30:22 [notice] 20#20: gracefully shutting down
2022/12/25 20:30:22 [notice] 20#20: exiting
2022/12/25 20:30:22 [notice] 21#21: exit
2022/12/25 20:30:22 [notice] 20#20: exit
2022/12/25 20:30:22 [notice] 1#1: signal 17 (SIGCHLD) received from 21
2022/12/25 20:30:22 [notice] 1#1: worker process 21 exited with code 0
2022/12/25 20:30:22 [notice] 1#1: signal 29 (SIGIO) received
2022/12/25 20:30:22 [notice] 1#1: signal 17 (SIGCHLD) received from 20
2022/12/25 20:30:22 [notice] 1#1: worker process 20 exited with code 0
2022/12/25 20:30:22 [notice] 1#1: exit
2022/12/25 20:30:42 [notice] 1#1: using the "epoll" event method
2022/12/25 20:30:42 [notice] 1#1: nginx/1.22.1
2022/12/25 20:30:42 [notice] 1#1: built by gcc 11.2.1 20220219 (Alpine 11.2.1_git20220219) 
2022/12/25 20:30:42 [notice] 1#1: OS: Linux 5.4.0-135-generic
2022/12/25 20:30:42 [notice] 1#1: getrlimit(RLIMIT_NOFILE): 1048576:1048576
2022/12/25 20:30:42 [notice] 1#1: start worker processes
2022/12/25 20:30:42 [notice] 1#1: start worker process 21
2022/12/25 20:30:42 [notice] 1#1: start worker process 22
2022/12/25 20:33:20 [emerg] 36#36: "log_format" directive is not allowed here in /etc/nginx/conf.d/spblib.conf:17
2022/12/25 20:34:46 [emerg] 38#38: "log_format" directive is not allowed here in /etc/nginx/conf.d/spblib.conf:16
2022/12/25 20:36:06 [emerg] 40#40: duplicate "log_format" name "combined" in /etc/nginx/conf.d/spblib.conf:8
2022/12/25 20:38:05 [emerg] 47#47: unknown log format "main" in /etc/nginx/nginx.conf:22
2022/12/25 20:38:26 [emerg] 49#49: unknown log format "main" in /etc/nginx/nginx.conf:22
2022/12/25 20:38:54 [emerg] 51#51: unknown log format "main" in /etc/nginx/nginx.conf:19
2022/12/25 20:39:53 [emerg] 55#55: duplicate "log_format" name "combined" in /etc/nginx/conf.d/spblib.conf:8
2022/12/25 20:40:53 [notice] 1#1: signal 3 (SIGQUIT) received, shutting down
2022/12/25 20:40:53 [notice] 22#22: gracefully shutting down
2022/12/25 20:40:53 [notice] 22#22: exiting
2022/12/25 20:40:53 [notice] 21#21: gracefully shutting down
2022/12/25 20:40:53 [notice] 21#21: exiting
2022/12/25 20:40:53 [notice] 21#21: exit
2022/12/25 20:40:53 [notice] 22#22: exit
2022/12/25 20:40:53 [notice] 1#1: signal 17 (SIGCHLD) received from 22
2022/12/25 20:40:53 [notice] 1#1: worker process 22 exited with code 0
2022/12/25 20:40:53 [notice] 1#1: signal 29 (SIGIO) received
2022/12/25 20:40:53 [notice] 1#1: signal 17 (SIGCHLD) received from 21
2022/12/25 20:40:53 [notice] 1#1: worker process 21 exited with code 0
2022/12/25 20:40:53 [notice] 1#1: exit
2022/12/25 20:40:54 [notice] 1#1: using the "epoll" event method
2022/12/25 20:40:54 [notice] 1#1: nginx/1.22.1
2022/12/25 20:40:54 [notice] 1#1: built by gcc 11.2.1 20220219 (Alpine 11.2.1_git20220219) 
2022/12/25 20:40:54 [notice] 1#1: OS: Linux 5.4.0-135-generic
2022/12/25 20:40:54 [notice] 1#1: getrlimit(RLIMIT_NOFILE): 1048576:1048576
2022/12/25 20:40:54 [notice] 1#1: start worker processes
2022/12/25 20:40:54 [notice] 1#1: start worker process 20
2022/12/25 20:40:54 [notice] 1#1: start worker process 21
2022/12/25 20:42:09 [notice] 1#1: signal 3 (SIGQUIT) received, shutting down
2022/12/25 20:42:09 [notice] 21#21: gracefully shutting down
2022/12/25 20:42:09 [notice] 21#21: exiting
2022/12/25 20:42:09 [notice] 21#21: exit
2022/12/25 20:42:09 [notice] 20#20: gracefully shutting down
2022/12/25 20:42:09 [notice] 20#20: exiting
2022/12/25 20:42:09 [notice] 20#20: exit
2022/12/25 20:42:09 [notice] 1#1: signal 17 (SIGCHLD) received from 21
2022/12/25 20:42:09 [notice] 1#1: worker process 21 exited with code 0
2022/12/25 20:42:09 [notice] 1#1: signal 29 (SIGIO) received
2022/12/25 20:42:09 [notice] 1#1: signal 17 (SIGCHLD) received from 20
2022/12/25 20:42:09 [notice] 1#1: worker process 20 exited with code 0
2022/12/25 20:42:09 [notice] 1#1: exit
2022/12/25 20:43:55 [notice] 1#1: using the "epoll" event method
2022/12/25 20:43:55 [notice] 1#1: nginx/1.22.1
2022/12/25 20:43:55 [notice] 1#1: built by gcc 11.2.1 20220219 (Alpine 11.2.1_git20220219) 
2022/12/25 20:43:55 [notice] 1#1: OS: Linux 5.4.0-135-generic
2022/12/25 20:43:55 [notice] 1#1: getrlimit(RLIMIT_NOFILE): 1048576:1048576
2022/12/25 20:43:55 [notice] 1#1: start worker processes
2022/12/25 20:43:55 [notice] 1#1: start worker process 20
2022/12/25 20:43:55 [notice] 1#1: start worker process 21
